--------------------------------------------------------------------------------
Release 14.7 Trace  (lin64)
Copyright (c) 1995-2013 Xilinx, Inc.  All rights reserved.

/nas/ei/share/tools/xilinx/ise/14.7/ISE_DS/ISE/bin/lin64/unwrapped/trce
-intstyle ise -v 3 -s 4 -n 3 -fastpaths -xml idea_com.twx idea_com.ncd -o
idea_com.twr idea_com.pcf -ucf idea_hw.ucf

Design file:              idea_com.ncd
Physical constraint file: idea_com.pcf
Device,package,speed:     xc3s500e,fg320,-4 (PRODUCTION 1.27 2013-10-13)
Report level:             verbose report

Environment Variable      Effect 
--------------------      ------ 
NONE                      No environment variables were set
--------------------------------------------------------------------------------

INFO:Timing:3412 - To improve timing, see the Timing Closure User Guide (UG612).
INFO:Timing:2752 - To get complete path coverage, use the unconstrained paths 
   option. All paths that are not constrained will be reported in the 
   unconstrained paths section(s) of the report.
INFO:Timing:3339 - The clock-to-out numbers in this timing report are based on 
   a 50 Ohm transmission line loading model.  For the details of this model, 
   and for more information on accounting for different loading conditions, 
   please see the device datasheet.
INFO:Timing:3390 - This architecture does not support a default System Jitter 
   value, please add SYSTEM_JITTER constraint to the UCF to modify the Clock 
   Uncertainty calculation.
INFO:Timing:3389 - This architecture does not support 'Discrete Jitter' and 
   'Phase Error' calculations, these terms will be zero in the Clock 
   Uncertainty calculation.  Please make appropriate modification to 
   SYSTEM_JITTER to account for the unsupported Discrete Jitter and Phase 
   Error.

================================================================================
Timing constraint: NET "Clk_BUFGP/IBUFG" PERIOD = 20 ns HIGH 40%;
For more information, see Period Analysis in the Timing Closure User Guide (UG612).

 2607 paths analyzed, 112 endpoints analyzed, 0 failing endpoints
 0 timing errors detected. (0 setup errors, 0 hold errors, 0 component switching limit errors)
 Minimum period is   7.611ns.
--------------------------------------------------------------------------------

Paths for end point clk_div_1/counter_30 (SLICE_X21Y88.SR), 63 paths
--------------------------------------------------------------------------------
Slack (setup path):     12.389ns (requirement - (data path - clock path skew + uncertainty))
  Source:               clk_div_1/counter_3 (FF)
  Destination:          clk_div_1/counter_30 (FF)
  Requirement:          20.000ns
  Data Path Delay:      7.611ns (Levels of Logic = 7)
  Clock Path Skew:      0.000ns
  Source Clock:         Clk_BUFGP rising at 0.000ns
  Destination Clock:    Clk_BUFGP rising at 20.000ns
  Clock Uncertainty:    0.000ns

  Maximum Data Path: clk_div_1/counter_3 to clk_div_1/counter_30
    Location             Delay type         Delay(ns)  Physical Resource
                                                       Logical Resource(s)
    -------------------------------------------------  -------------------
    SLICE_X21Y74.YQ      Tcko                  0.587   clk_div_1/counter<2>
                                                       clk_div_1/counter_3
    SLICE_X23Y78.G2      net (fanout=3)        1.274   clk_div_1/counter<3>
    SLICE_X23Y78.COUT    Topcyg                1.001   clk_div_1/Mcompar_CLK_OUT_cmp_lt0001_cy<1>1
                                                       clk_div_1/Mcompar_CLK_OUT_cmp_lt0001_lut<1>1
                                                       clk_div_1/Mcompar_CLK_OUT_cmp_lt0001_cy<1>_0
    SLICE_X23Y79.CIN     net (fanout=1)        0.000   clk_div_1/Mcompar_CLK_OUT_cmp_lt0001_cy<1>1
    SLICE_X23Y79.COUT    Tbyp                  0.118   clk_div_1/Mcompar_CLK_OUT_cmp_lt0001_cy<3>1
                                                       clk_div_1/Mcompar_CLK_OUT_cmp_lt0001_cy<2>_0
                                                       clk_div_1/Mcompar_CLK_OUT_cmp_lt0001_cy<3>_0
    SLICE_X23Y80.CIN     net (fanout=1)        0.000   clk_div_1/Mcompar_CLK_OUT_cmp_lt0001_cy<3>1
    SLICE_X23Y80.COUT    Tbyp                  0.118   clk_div_1/Mcompar_CLK_OUT_cmp_lt0001_cy<5>1
                                                       clk_div_1/Mcompar_CLK_OUT_cmp_lt0001_cy<4>_0
                                                       clk_div_1/Mcompar_CLK_OUT_cmp_lt0001_cy<5>_0
    SLICE_X23Y81.CIN     net (fanout=1)        0.000   clk_div_1/Mcompar_CLK_OUT_cmp_lt0001_cy<5>1
    SLICE_X23Y81.COUT    Tbyp                  0.118   clk_div_1/Mcompar_CLK_OUT_cmp_lt0001_cy<7>1
                                                       clk_div_1/Mcompar_CLK_OUT_cmp_lt0001_cy<6>_0
                                                       clk_div_1/Mcompar_CLK_OUT_cmp_lt0001_cy<7>_0
    SLICE_X23Y82.CIN     net (fanout=1)        0.000   clk_div_1/Mcompar_CLK_OUT_cmp_lt0001_cy<7>1
    SLICE_X23Y82.COUT    Tbyp                  0.118   clk_div_1/Mcompar_CLK_OUT_cmp_lt0001_cy<9>1
                                                       clk_div_1/Mcompar_CLK_OUT_cmp_lt0001_cy<8>_0
                                                       clk_div_1/Mcompar_CLK_OUT_cmp_lt0001_cy<9>_0
    SLICE_X23Y83.CIN     net (fanout=1)        0.000   clk_div_1/Mcompar_CLK_OUT_cmp_lt0001_cy<9>1
    SLICE_X23Y83.COUT    Tbyp                  0.118   clk_div_1/Mcompar_CLK_OUT_cmp_lt0001_cy<11>1
                                                       clk_div_1/Mcompar_CLK_OUT_cmp_lt0001_cy<10>_0
                                                       clk_div_1/Mcompar_CLK_OUT_cmp_lt0001_cy<11>_0
    SLICE_X24Y80.G4      net (fanout=2)        1.111   clk_div_1/Mcompar_CLK_OUT_cmp_lt0001_cy<11>1
    SLICE_X24Y80.Y       Tilo                  0.759   clk_div_1/counter_and0000
                                                       clk_div_1/counter_and00001
    SLICE_X21Y88.SR      net (fanout=16)       1.379   clk_div_1/counter_and0000
    SLICE_X21Y88.CLK     Tsrck                 0.910   clk_div_1/counter<30>
                                                       clk_div_1/counter_30
    -------------------------------------------------  ---------------------------
    Total                                      7.611ns (3.847ns logic, 3.764ns route)
                                                       (50.5% logic, 49.5% route)

--------------------------------------------------------------------------------
Slack (setup path):     12.533ns (requirement - (data path - clock path skew + uncertainty))
  Source:               clk_div_1/counter_1 (FF)
  Destination:          clk_div_1/counter_30 (FF)
  Requirement:          20.000ns
  Data Path Delay:      7.467ns (Levels of Logic = 7)
  Clock Path Skew:      0.000ns
  Source Clock:         Clk_BUFGP rising at 0.000ns
  Destination Clock:    Clk_BUFGP rising at 20.000ns
  Clock Uncertainty:    0.000ns

  Maximum Data Path: clk_div_1/counter_1 to clk_div_1/counter_30
    Location             Delay type         Delay(ns)  Physical Resource
                                                       Logical Resource(s)
    -------------------------------------------------  -------------------
    SLICE_X21Y73.YQ      Tcko                  0.587   clk_div_1/counter<0>
                                                       clk_div_1/counter_1
    SLICE_X23Y78.G1      net (fanout=3)        1.130   clk_div_1/counter<1>
    SLICE_X23Y78.COUT    Topcyg                1.001   clk_div_1/Mcompar_CLK_OUT_cmp_lt0001_cy<1>1
                                                       clk_div_1/Mcompar_CLK_OUT_cmp_lt0001_lut<1>1
                                                       clk_div_1/Mcompar_CLK_OUT_cmp_lt0001_cy<1>_0
    SLICE_X23Y79.CIN     net (fanout=1)        0.000   clk_div_1/Mcompar_CLK_OUT_cmp_lt0001_cy<1>1
    SLICE_X23Y79.COUT    Tbyp                  0.118   clk_div_1/Mcompar_CLK_OUT_cmp_lt0001_cy<3>1
                                                       clk_div_1/Mcompar_CLK_OUT_cmp_lt0001_cy<2>_0
                                                       clk_div_1/Mcompar_CLK_OUT_cmp_lt0001_cy<3>_0
    SLICE_X23Y80.CIN     net (fanout=1)        0.000   clk_div_1/Mcompar_CLK_OUT_cmp_lt0001_cy<3>1
    SLICE_X23Y80.COUT    Tbyp                  0.118   clk_div_1/Mcompar_CLK_OUT_cmp_lt0001_cy<5>1
                                                       clk_div_1/Mcompar_CLK_OUT_cmp_lt0001_cy<4>_0
                                                       clk_div_1/Mcompar_CLK_OUT_cmp_lt0001_cy<5>_0
    SLICE_X23Y81.CIN     net (fanout=1)        0.000   clk_div_1/Mcompar_CLK_OUT_cmp_lt0001_cy<5>1
    SLICE_X23Y81.COUT    Tbyp                  0.118   clk_div_1/Mcompar_CLK_OUT_cmp_lt0001_cy<7>1
                                                       clk_div_1/Mcompar_CLK_OUT_cmp_lt0001_cy<6>_0
                                                       clk_div_1/Mcompar_CLK_OUT_cmp_lt0001_cy<7>_0
    SLICE_X23Y82.CIN     net (fanout=1)        0.000   clk_div_1/Mcompar_CLK_OUT_cmp_lt0001_cy<7>1
    SLICE_X23Y82.COUT    Tbyp                  0.118   clk_div_1/Mcompar_CLK_OUT_cmp_lt0001_cy<9>1
                                                       clk_div_1/Mcompar_CLK_OUT_cmp_lt0001_cy<8>_0
                                                       clk_div_1/Mcompar_CLK_OUT_cmp_lt0001_cy<9>_0
    SLICE_X23Y83.CIN     net (fanout=1)        0.000   clk_div_1/Mcompar_CLK_OUT_cmp_lt0001_cy<9>1
    SLICE_X23Y83.COUT    Tbyp                  0.118   clk_div_1/Mcompar_CLK_OUT_cmp_lt0001_cy<11>1
                                                       clk_div_1/Mcompar_CLK_OUT_cmp_lt0001_cy<10>_0
                                                       clk_div_1/Mcompar_CLK_OUT_cmp_lt0001_cy<11>_0
    SLICE_X24Y80.G4      net (fanout=2)        1.111   clk_div_1/Mcompar_CLK_OUT_cmp_lt0001_cy<11>1
    SLICE_X24Y80.Y       Tilo                  0.759   clk_div_1/counter_and0000
                                                       clk_div_1/counter_and00001
    SLICE_X21Y88.SR      net (fanout=16)       1.379   clk_div_1/counter_and0000
    SLICE_X21Y88.CLK     Tsrck                 0.910   clk_div_1/counter<30>
                                                       clk_div_1/counter_30
    -------------------------------------------------  ---------------------------
    Total                                      7.467ns (3.847ns logic, 3.620ns route)
                                                       (51.5% logic, 48.5% route)

--------------------------------------------------------------------------------
Slack (setup path):     12.688ns (requirement - (data path - clock path skew + uncertainty))
  Source:               clk_div_1/counter_4 (FF)
  Destination:          clk_div_1/counter_30 (FF)
  Requirement:          20.000ns
  Data Path Delay:      7.312ns (Levels of Logic = 7)
  Clock Path Skew:      0.000ns
  Source Clock:         Clk_BUFGP rising at 0.000ns
  Destination Clock:    Clk_BUFGP rising at 20.000ns
  Clock Uncertainty:    0.000ns

  Maximum Data Path: clk_div_1/counter_4 to clk_div_1/counter_30
    Location             Delay type         Delay(ns)  Physical Resource
                                                       Logical Resource(s)
    -------------------------------------------------  -------------------
    SLICE_X21Y75.XQ      Tcko                  0.591   clk_div_1/counter<4>
                                                       clk_div_1/counter_4
    SLICE_X25Y78.G1      net (fanout=3)        1.420   clk_div_1/counter<4>
    SLICE_X25Y78.COUT    Topcyg                1.001   clk_div_1/Mcompar_CLK_OUT_cmp_lt0001_cy<1>
                                                       clk_div_1/Mcompar_CLK_OUT_cmp_lt0001_lut<1>
                                                       clk_div_1/Mcompar_CLK_OUT_cmp_lt0001_cy<1>
    SLICE_X25Y79.CIN     net (fanout=1)        0.000   clk_div_1/Mcompar_CLK_OUT_cmp_lt0001_cy<1>
    SLICE_X25Y79.COUT    Tbyp                  0.118   clk_div_1/Mcompar_CLK_OUT_cmp_lt0001_cy<3>
                                                       clk_div_1/Mcompar_CLK_OUT_cmp_lt0001_cy<2>
                                                       clk_div_1/Mcompar_CLK_OUT_cmp_lt0001_cy<3>
    SLICE_X25Y80.CIN     net (fanout=1)        0.000   clk_div_1/Mcompar_CLK_OUT_cmp_lt0001_cy<3>
    SLICE_X25Y80.COUT    Tbyp                  0.118   clk_div_1/Mcompar_CLK_OUT_cmp_lt0001_cy<5>
                                                       clk_div_1/Mcompar_CLK_OUT_cmp_lt0001_cy<4>
                                                       clk_div_1/Mcompar_CLK_OUT_cmp_lt0001_cy<5>
    SLICE_X25Y81.CIN     net (fanout=1)        0.000   clk_div_1/Mcompar_CLK_OUT_cmp_lt0001_cy<5>
    SLICE_X25Y81.COUT    Tbyp                  0.118   clk_div_1/Mcompar_CLK_OUT_cmp_lt0001_cy<7>
                                                       clk_div_1/Mcompar_CLK_OUT_cmp_lt0001_cy<6>
                                                       clk_div_1/Mcompar_CLK_OUT_cmp_lt0001_cy<7>
    SLICE_X25Y82.CIN     net (fanout=1)        0.000   clk_div_1/Mcompar_CLK_OUT_cmp_lt0001_cy<7>
    SLICE_X25Y82.COUT    Tbyp                  0.118   clk_div_1/Mcompar_CLK_OUT_cmp_lt0001_cy<9>
                                                       clk_div_1/Mcompar_CLK_OUT_cmp_lt0001_cy<8>
                                                       clk_div_1/Mcompar_CLK_OUT_cmp_lt0001_cy<9>
    SLICE_X25Y83.CIN     net (fanout=1)        0.000   clk_div_1/Mcompar_CLK_OUT_cmp_lt0001_cy<9>
    SLICE_X25Y83.COUT    Tbyp                  0.118   clk_div_1/Mcompar_CLK_OUT_cmp_lt0001_cy<11>
                                                       clk_div_1/Mcompar_CLK_OUT_cmp_lt0001_cy<10>
                                                       clk_div_1/Mcompar_CLK_OUT_cmp_lt0001_cy<11>
    SLICE_X24Y80.G2      net (fanout=2)        0.662   clk_div_1/Mcompar_CLK_OUT_cmp_lt0001_cy<11>
    SLICE_X24Y80.Y       Tilo                  0.759   clk_div_1/counter_and0000
                                                       clk_div_1/counter_and00001
    SLICE_X21Y88.SR      net (fanout=16)       1.379   clk_div_1/counter_and0000
    SLICE_X21Y88.CLK     Tsrck                 0.910   clk_div_1/counter<30>
                                                       clk_div_1/counter_30
    -------------------------------------------------  ---------------------------
    Total                                      7.312ns (3.851ns logic, 3.461ns route)
                                                       (52.7% logic, 47.3% route)

--------------------------------------------------------------------------------

Paths for end point clk_div_1/counter_31 (SLICE_X21Y88.SR), 63 paths
--------------------------------------------------------------------------------
Slack (setup path):     12.389ns (requirement - (data path - clock path skew + uncertainty))
  Source:               clk_div_1/counter_3 (FF)
  Destination:          clk_div_1/counter_31 (FF)
  Requirement:          20.000ns
  Data Path Delay:      7.611ns (Levels of Logic = 7)
  Clock Path Skew:      0.000ns
  Source Clock:         Clk_BUFGP rising at 0.000ns
  Destination Clock:    Clk_BUFGP rising at 20.000ns
  Clock Uncertainty:    0.000ns

  Maximum Data Path: clk_div_1/counter_3 to clk_div_1/counter_31
    Location             Delay type         Delay(ns)  Physical Resource
                                                       Logical Resource(s)
    -------------------------------------------------  -------------------
    SLICE_X21Y74.YQ      Tcko                  0.587   clk_div_1/counter<2>
                                                       clk_div_1/counter_3
    SLICE_X23Y78.G2      net (fanout=3)        1.274   clk_div_1/counter<3>
    SLICE_X23Y78.COUT    Topcyg                1.001   clk_div_1/Mcompar_CLK_OUT_cmp_lt0001_cy<1>1
                                                       clk_div_1/Mcompar_CLK_OUT_cmp_lt0001_lut<1>1
                                                       clk_div_1/Mcompar_CLK_OUT_cmp_lt0001_cy<1>_0
    SLICE_X23Y79.CIN     net (fanout=1)        0.000   clk_div_1/Mcompar_CLK_OUT_cmp_lt0001_cy<1>1
    SLICE_X23Y79.COUT    Tbyp                  0.118   clk_div_1/Mcompar_CLK_OUT_cmp_lt0001_cy<3>1
                                                       clk_div_1/Mcompar_CLK_OUT_cmp_lt0001_cy<2>_0
                                                       clk_div_1/Mcompar_CLK_OUT_cmp_lt0001_cy<3>_0
    SLICE_X23Y80.CIN     net (fanout=1)        0.000   clk_div_1/Mcompar_CLK_OUT_cmp_lt0001_cy<3>1
    SLICE_X23Y80.COUT    Tbyp                  0.118   clk_div_1/Mcompar_CLK_OUT_cmp_lt0001_cy<5>1
                                                       clk_div_1/Mcompar_CLK_OUT_cmp_lt0001_cy<4>_0
                                                       clk_div_1/Mcompar_CLK_OUT_cmp_lt0001_cy<5>_0
    SLICE_X23Y81.CIN     net (fanout=1)        0.000   clk_div_1/Mcompar_CLK_OUT_cmp_lt0001_cy<5>1
    SLICE_X23Y81.COUT    Tbyp                  0.118   clk_div_1/Mcompar_CLK_OUT_cmp_lt0001_cy<7>1
                                                       clk_div_1/Mcompar_CLK_OUT_cmp_lt0001_cy<6>_0
                                                       clk_div_1/Mcompar_CLK_OUT_cmp_lt0001_cy<7>_0
    SLICE_X23Y82.CIN     net (fanout=1)        0.000   clk_div_1/Mcompar_CLK_OUT_cmp_lt0001_cy<7>1
    SLICE_X23Y82.COUT    Tbyp                  0.118   clk_div_1/Mcompar_CLK_OUT_cmp_lt0001_cy<9>1
                                                       clk_div_1/Mcompar_CLK_OUT_cmp_lt0001_cy<8>_0
                                                       clk_div_1/Mcompar_CLK_OUT_cmp_lt0001_cy<9>_0
    SLICE_X23Y83.CIN     net (fanout=1)        0.000   clk_div_1/Mcompar_CLK_OUT_cmp_lt0001_cy<9>1
    SLICE_X23Y83.COUT    Tbyp                  0.118   clk_div_1/Mcompar_CLK_OUT_cmp_lt0001_cy<11>1
                                                       clk_div_1/Mcompar_CLK_OUT_cmp_lt0001_cy<10>_0
                                                       clk_div_1/Mcompar_CLK_OUT_cmp_lt0001_cy<11>_0
    SLICE_X24Y80.G4      net (fanout=2)        1.111   clk_div_1/Mcompar_CLK_OUT_cmp_lt0001_cy<11>1
    SLICE_X24Y80.Y       Tilo                  0.759   clk_div_1/counter_and0000
                                                       clk_div_1/counter_and00001
    SLICE_X21Y88.SR      net (fanout=16)       1.379   clk_div_1/counter_and0000
    SLICE_X21Y88.CLK     Tsrck                 0.910   clk_div_1/counter<30>
                                                       clk_div_1/counter_31
    -------------------------------------------------  ---------------------------
    Total                                      7.611ns (3.847ns logic, 3.764ns route)
                                                       (50.5% logic, 49.5% route)

--------------------------------------------------------------------------------
Slack (setup path):     12.533ns (requirement - (data path - clock path skew + uncertainty))
  Source:               clk_div_1/counter_1 (FF)
  Destination:          clk_div_1/counter_31 (FF)
  Requirement:          20.000ns
  Data Path Delay:      7.467ns (Levels of Logic = 7)
  Clock Path Skew:      0.000ns
  Source Clock:         Clk_BUFGP rising at 0.000ns
  Destination Clock:    Clk_BUFGP rising at 20.000ns
  Clock Uncertainty:    0.000ns

  Maximum Data Path: clk_div_1/counter_1 to clk_div_1/counter_31
    Location             Delay type         Delay(ns)  Physical Resource
                                                       Logical Resource(s)
    -------------------------------------------------  -------------------
    SLICE_X21Y73.YQ      Tcko                  0.587   clk_div_1/counter<0>
                                                       clk_div_1/counter_1
    SLICE_X23Y78.G1      net (fanout=3)        1.130   clk_div_1/counter<1>
    SLICE_X23Y78.COUT    Topcyg                1.001   clk_div_1/Mcompar_CLK_OUT_cmp_lt0001_cy<1>1
                                                       clk_div_1/Mcompar_CLK_OUT_cmp_lt0001_lut<1>1
                                                       clk_div_1/Mcompar_CLK_OUT_cmp_lt0001_cy<1>_0
    SLICE_X23Y79.CIN     net (fanout=1)        0.000   clk_div_1/Mcompar_CLK_OUT_cmp_lt0001_cy<1>1
    SLICE_X23Y79.COUT    Tbyp                  0.118   clk_div_1/Mcompar_CLK_OUT_cmp_lt0001_cy<3>1
                                                       clk_div_1/Mcompar_CLK_OUT_cmp_lt0001_cy<2>_0
                                                       clk_div_1/Mcompar_CLK_OUT_cmp_lt0001_cy<3>_0
    SLICE_X23Y80.CIN     net (fanout=1)        0.000   clk_div_1/Mcompar_CLK_OUT_cmp_lt0001_cy<3>1
    SLICE_X23Y80.COUT    Tbyp                  0.118   clk_div_1/Mcompar_CLK_OUT_cmp_lt0001_cy<5>1
                                                       clk_div_1/Mcompar_CLK_OUT_cmp_lt0001_cy<4>_0
                                                       clk_div_1/Mcompar_CLK_OUT_cmp_lt0001_cy<5>_0
    SLICE_X23Y81.CIN     net (fanout=1)        0.000   clk_div_1/Mcompar_CLK_OUT_cmp_lt0001_cy<5>1
    SLICE_X23Y81.COUT    Tbyp                  0.118   clk_div_1/Mcompar_CLK_OUT_cmp_lt0001_cy<7>1
                                                       clk_div_1/Mcompar_CLK_OUT_cmp_lt0001_cy<6>_0
                                                       clk_div_1/Mcompar_CLK_OUT_cmp_lt0001_cy<7>_0
    SLICE_X23Y82.CIN     net (fanout=1)        0.000   clk_div_1/Mcompar_CLK_OUT_cmp_lt0001_cy<7>1
    SLICE_X23Y82.COUT    Tbyp                  0.118   clk_div_1/Mcompar_CLK_OUT_cmp_lt0001_cy<9>1
                                                       clk_div_1/Mcompar_CLK_OUT_cmp_lt0001_cy<8>_0
                                                       clk_div_1/Mcompar_CLK_OUT_cmp_lt0001_cy<9>_0
    SLICE_X23Y83.CIN     net (fanout=1)        0.000   clk_div_1/Mcompar_CLK_OUT_cmp_lt0001_cy<9>1
    SLICE_X23Y83.COUT    Tbyp                  0.118   clk_div_1/Mcompar_CLK_OUT_cmp_lt0001_cy<11>1
                                                       clk_div_1/Mcompar_CLK_OUT_cmp_lt0001_cy<10>_0
                                                       clk_div_1/Mcompar_CLK_OUT_cmp_lt0001_cy<11>_0
    SLICE_X24Y80.G4      net (fanout=2)        1.111   clk_div_1/Mcompar_CLK_OUT_cmp_lt0001_cy<11>1
    SLICE_X24Y80.Y       Tilo                  0.759   clk_div_1/counter_and0000
                                                       clk_div_1/counter_and00001
    SLICE_X21Y88.SR      net (fanout=16)       1.379   clk_div_1/counter_and0000
    SLICE_X21Y88.CLK     Tsrck                 0.910   clk_div_1/counter<30>
                                                       clk_div_1/counter_31
    -------------------------------------------------  ---------------------------
    Total                                      7.467ns (3.847ns logic, 3.620ns route)
                                                       (51.5% logic, 48.5% route)

--------------------------------------------------------------------------------
Slack (setup path):     12.688ns (requirement - (data path - clock path skew + uncertainty))
  Source:               clk_div_1/counter_4 (FF)
  Destination:          clk_div_1/counter_31 (FF)
  Requirement:          20.000ns
  Data Path Delay:      7.312ns (Levels of Logic = 7)
  Clock Path Skew:      0.000ns
  Source Clock:         Clk_BUFGP rising at 0.000ns
  Destination Clock:    Clk_BUFGP rising at 20.000ns
  Clock Uncertainty:    0.000ns

  Maximum Data Path: clk_div_1/counter_4 to clk_div_1/counter_31
    Location             Delay type         Delay(ns)  Physical Resource
                                                       Logical Resource(s)
    -------------------------------------------------  -------------------
    SLICE_X21Y75.XQ      Tcko                  0.591   clk_div_1/counter<4>
                                                       clk_div_1/counter_4
    SLICE_X25Y78.G1      net (fanout=3)        1.420   clk_div_1/counter<4>
    SLICE_X25Y78.COUT    Topcyg                1.001   clk_div_1/Mcompar_CLK_OUT_cmp_lt0001_cy<1>
                                                       clk_div_1/Mcompar_CLK_OUT_cmp_lt0001_lut<1>
                                                       clk_div_1/Mcompar_CLK_OUT_cmp_lt0001_cy<1>
    SLICE_X25Y79.CIN     net (fanout=1)        0.000   clk_div_1/Mcompar_CLK_OUT_cmp_lt0001_cy<1>
    SLICE_X25Y79.COUT    Tbyp                  0.118   clk_div_1/Mcompar_CLK_OUT_cmp_lt0001_cy<3>
                                                       clk_div_1/Mcompar_CLK_OUT_cmp_lt0001_cy<2>
                                                       clk_div_1/Mcompar_CLK_OUT_cmp_lt0001_cy<3>
    SLICE_X25Y80.CIN     net (fanout=1)        0.000   clk_div_1/Mcompar_CLK_OUT_cmp_lt0001_cy<3>
    SLICE_X25Y80.COUT    Tbyp                  0.118   clk_div_1/Mcompar_CLK_OUT_cmp_lt0001_cy<5>
                                                       clk_div_1/Mcompar_CLK_OUT_cmp_lt0001_cy<4>
                                                       clk_div_1/Mcompar_CLK_OUT_cmp_lt0001_cy<5>
    SLICE_X25Y81.CIN     net (fanout=1)        0.000   clk_div_1/Mcompar_CLK_OUT_cmp_lt0001_cy<5>
    SLICE_X25Y81.COUT    Tbyp                  0.118   clk_div_1/Mcompar_CLK_OUT_cmp_lt0001_cy<7>
                                                       clk_div_1/Mcompar_CLK_OUT_cmp_lt0001_cy<6>
                                                       clk_div_1/Mcompar_CLK_OUT_cmp_lt0001_cy<7>
    SLICE_X25Y82.CIN     net (fanout=1)        0.000   clk_div_1/Mcompar_CLK_OUT_cmp_lt0001_cy<7>
    SLICE_X25Y82.COUT    Tbyp                  0.118   clk_div_1/Mcompar_CLK_OUT_cmp_lt0001_cy<9>
                                                       clk_div_1/Mcompar_CLK_OUT_cmp_lt0001_cy<8>
                                                       clk_div_1/Mcompar_CLK_OUT_cmp_lt0001_cy<9>
    SLICE_X25Y83.CIN     net (fanout=1)        0.000   clk_div_1/Mcompar_CLK_OUT_cmp_lt0001_cy<9>
    SLICE_X25Y83.COUT    Tbyp                  0.118   clk_div_1/Mcompar_CLK_OUT_cmp_lt0001_cy<11>
                                                       clk_div_1/Mcompar_CLK_OUT_cmp_lt0001_cy<10>
                                                       clk_div_1/Mcompar_CLK_OUT_cmp_lt0001_cy<11>
    SLICE_X24Y80.G2      net (fanout=2)        0.662   clk_div_1/Mcompar_CLK_OUT_cmp_lt0001_cy<11>
    SLICE_X24Y80.Y       Tilo                  0.759   clk_div_1/counter_and0000
                                                       clk_div_1/counter_and00001
    SLICE_X21Y88.SR      net (fanout=16)       1.379   clk_div_1/counter_and0000
    SLICE_X21Y88.CLK     Tsrck                 0.910   clk_div_1/counter<30>
                                                       clk_div_1/counter_31
    -------------------------------------------------  ---------------------------
    Total                                      7.312ns (3.851ns logic, 3.461ns route)
                                                       (52.7% logic, 47.3% route)

--------------------------------------------------------------------------------

Paths for end point clk_div_1/counter_22 (SLICE_X21Y84.SR), 63 paths
--------------------------------------------------------------------------------
Slack (setup path):     12.640ns (requirement - (data path - clock path skew + uncertainty))
  Source:               clk_div_1/counter_3 (FF)
  Destination:          clk_div_1/counter_22 (FF)
  Requirement:          20.000ns
  Data Path Delay:      7.360ns (Levels of Logic = 7)
  Clock Path Skew:      0.000ns
  Source Clock:         Clk_BUFGP rising at 0.000ns
  Destination Clock:    Clk_BUFGP rising at 20.000ns
  Clock Uncertainty:    0.000ns

  Maximum Data Path: clk_div_1/counter_3 to clk_div_1/counter_22
    Location             Delay type         Delay(ns)  Physical Resource
                                                       Logical Resource(s)
    -------------------------------------------------  -------------------
    SLICE_X21Y74.YQ      Tcko                  0.587   clk_div_1/counter<2>
                                                       clk_div_1/counter_3
    SLICE_X23Y78.G2      net (fanout=3)        1.274   clk_div_1/counter<3>
    SLICE_X23Y78.COUT    Topcyg                1.001   clk_div_1/Mcompar_CLK_OUT_cmp_lt0001_cy<1>1
                                                       clk_div_1/Mcompar_CLK_OUT_cmp_lt0001_lut<1>1
                                                       clk_div_1/Mcompar_CLK_OUT_cmp_lt0001_cy<1>_0
    SLICE_X23Y79.CIN     net (fanout=1)        0.000   clk_div_1/Mcompar_CLK_OUT_cmp_lt0001_cy<1>1
    SLICE_X23Y79.COUT    Tbyp                  0.118   clk_div_1/Mcompar_CLK_OUT_cmp_lt0001_cy<3>1
                                                       clk_div_1/Mcompar_CLK_OUT_cmp_lt0001_cy<2>_0
                                                       clk_div_1/Mcompar_CLK_OUT_cmp_lt0001_cy<3>_0
    SLICE_X23Y80.CIN     net (fanout=1)        0.000   clk_div_1/Mcompar_CLK_OUT_cmp_lt0001_cy<3>1
    SLICE_X23Y80.COUT    Tbyp                  0.118   clk_div_1/Mcompar_CLK_OUT_cmp_lt0001_cy<5>1
                                                       clk_div_1/Mcompar_CLK_OUT_cmp_lt0001_cy<4>_0
                                                       clk_div_1/Mcompar_CLK_OUT_cmp_lt0001_cy<5>_0
    SLICE_X23Y81.CIN     net (fanout=1)        0.000   clk_div_1/Mcompar_CLK_OUT_cmp_lt0001_cy<5>1
    SLICE_X23Y81.COUT    Tbyp                  0.118   clk_div_1/Mcompar_CLK_OUT_cmp_lt0001_cy<7>1
                                                       clk_div_1/Mcompar_CLK_OUT_cmp_lt0001_cy<6>_0
                                                       clk_div_1/Mcompar_CLK_OUT_cmp_lt0001_cy<7>_0
    SLICE_X23Y82.CIN     net (fanout=1)        0.000   clk_div_1/Mcompar_CLK_OUT_cmp_lt0001_cy<7>1
    SLICE_X23Y82.COUT    Tbyp                  0.118   clk_div_1/Mcompar_CLK_OUT_cmp_lt0001_cy<9>1
                                                       clk_div_1/Mcompar_CLK_OUT_cmp_lt0001_cy<8>_0
                                                       clk_div_1/Mcompar_CLK_OUT_cmp_lt0001_cy<9>_0
    SLICE_X23Y83.CIN     net (fanout=1)        0.000   clk_div_1/Mcompar_CLK_OUT_cmp_lt0001_cy<9>1
    SLICE_X23Y83.COUT    Tbyp                  0.118   clk_div_1/Mcompar_CLK_OUT_cmp_lt0001_cy<11>1
                                                       clk_div_1/Mcompar_CLK_OUT_cmp_lt0001_cy<10>_0
                                                       clk_div_1/Mcompar_CLK_OUT_cmp_lt0001_cy<11>_0
    SLICE_X24Y80.G4      net (fanout=2)        1.111   clk_div_1/Mcompar_CLK_OUT_cmp_lt0001_cy<11>1
    SLICE_X24Y80.Y       Tilo                  0.759   clk_div_1/counter_and0000
                                                       clk_div_1/counter_and00001
    SLICE_X21Y84.SR      net (fanout=16)       1.128   clk_div_1/counter_and0000
    SLICE_X21Y84.CLK     Tsrck                 0.910   clk_div_1/counter<22>
                                                       clk_div_1/counter_22
    -------------------------------------------------  ---------------------------
    Total                                      7.360ns (3.847ns logic, 3.513ns route)
                                                       (52.3% logic, 47.7% route)

--------------------------------------------------------------------------------
Slack (setup path):     12.784ns (requirement - (data path - clock path skew + uncertainty))
  Source:               clk_div_1/counter_1 (FF)
  Destination:          clk_div_1/counter_22 (FF)
  Requirement:          20.000ns
  Data Path Delay:      7.216ns (Levels of Logic = 7)
  Clock Path Skew:      0.000ns
  Source Clock:         Clk_BUFGP rising at 0.000ns
  Destination Clock:    Clk_BUFGP rising at 20.000ns
  Clock Uncertainty:    0.000ns

  Maximum Data Path: clk_div_1/counter_1 to clk_div_1/counter_22
    Location             Delay type         Delay(ns)  Physical Resource
                                                       Logical Resource(s)
    -------------------------------------------------  -------------------
    SLICE_X21Y73.YQ      Tcko                  0.587   clk_div_1/counter<0>
                                                       clk_div_1/counter_1
    SLICE_X23Y78.G1      net (fanout=3)        1.130   clk_div_1/counter<1>
    SLICE_X23Y78.COUT    Topcyg                1.001   clk_div_1/Mcompar_CLK_OUT_cmp_lt0001_cy<1>1
                                                       clk_div_1/Mcompar_CLK_OUT_cmp_lt0001_lut<1>1
                                                       clk_div_1/Mcompar_CLK_OUT_cmp_lt0001_cy<1>_0
    SLICE_X23Y79.CIN     net (fanout=1)        0.000   clk_div_1/Mcompar_CLK_OUT_cmp_lt0001_cy<1>1
    SLICE_X23Y79.COUT    Tbyp                  0.118   clk_div_1/Mcompar_CLK_OUT_cmp_lt0001_cy<3>1
                                                       clk_div_1/Mcompar_CLK_OUT_cmp_lt0001_cy<2>_0
                                                       clk_div_1/Mcompar_CLK_OUT_cmp_lt0001_cy<3>_0
    SLICE_X23Y80.CIN     net (fanout=1)        0.000   clk_div_1/Mcompar_CLK_OUT_cmp_lt0001_cy<3>1
    SLICE_X23Y80.COUT    Tbyp                  0.118   clk_div_1/Mcompar_CLK_OUT_cmp_lt0001_cy<5>1
                                                       clk_div_1/Mcompar_CLK_OUT_cmp_lt0001_cy<4>_0
                                                       clk_div_1/Mcompar_CLK_OUT_cmp_lt0001_cy<5>_0
    SLICE_X23Y81.CIN     net (fanout=1)        0.000   clk_div_1/Mcompar_CLK_OUT_cmp_lt0001_cy<5>1
    SLICE_X23Y81.COUT    Tbyp                  0.118   clk_div_1/Mcompar_CLK_OUT_cmp_lt0001_cy<7>1
                                                       clk_div_1/Mcompar_CLK_OUT_cmp_lt0001_cy<6>_0
                                                       clk_div_1/Mcompar_CLK_OUT_cmp_lt0001_cy<7>_0
    SLICE_X23Y82.CIN     net (fanout=1)        0.000   clk_div_1/Mcompar_CLK_OUT_cmp_lt0001_cy<7>1
    SLICE_X23Y82.COUT    Tbyp                  0.118   clk_div_1/Mcompar_CLK_OUT_cmp_lt0001_cy<9>1
                                                       clk_div_1/Mcompar_CLK_OUT_cmp_lt0001_cy<8>_0
                                                       clk_div_1/Mcompar_CLK_OUT_cmp_lt0001_cy<9>_0
    SLICE_X23Y83.CIN     net (fanout=1)        0.000   clk_div_1/Mcompar_CLK_OUT_cmp_lt0001_cy<9>1
    SLICE_X23Y83.COUT    Tbyp                  0.118   clk_div_1/Mcompar_CLK_OUT_cmp_lt0001_cy<11>1
                                                       clk_div_1/Mcompar_CLK_OUT_cmp_lt0001_cy<10>_0
                                                       clk_div_1/Mcompar_CLK_OUT_cmp_lt0001_cy<11>_0
    SLICE_X24Y80.G4      net (fanout=2)        1.111   clk_div_1/Mcompar_CLK_OUT_cmp_lt0001_cy<11>1
    SLICE_X24Y80.Y       Tilo                  0.759   clk_div_1/counter_and0000
                                                       clk_div_1/counter_and00001
    SLICE_X21Y84.SR      net (fanout=16)       1.128   clk_div_1/counter_and0000
    SLICE_X21Y84.CLK     Tsrck                 0.910   clk_div_1/counter<22>
                                                       clk_div_1/counter_22
    -------------------------------------------------  ---------------------------
    Total                                      7.216ns (3.847ns logic, 3.369ns route)
                                                       (53.3% logic, 46.7% route)

--------------------------------------------------------------------------------
Slack (setup path):     12.939ns (requirement - (data path - clock path skew + uncertainty))
  Source:               clk_div_1/counter_4 (FF)
  Destination:          clk_div_1/counter_22 (FF)
  Requirement:          20.000ns
  Data Path Delay:      7.061ns (Levels of Logic = 7)
  Clock Path Skew:      0.000ns
  Source Clock:         Clk_BUFGP rising at 0.000ns
  Destination Clock:    Clk_BUFGP rising at 20.000ns
  Clock Uncertainty:    0.000ns

  Maximum Data Path: clk_div_1/counter_4 to clk_div_1/counter_22
    Location             Delay type         Delay(ns)  Physical Resource
                                                       Logical Resource(s)
    -------------------------------------------------  -------------------
    SLICE_X21Y75.XQ      Tcko                  0.591   clk_div_1/counter<4>
                                                       clk_div_1/counter_4
    SLICE_X25Y78.G1      net (fanout=3)        1.420   clk_div_1/counter<4>
    SLICE_X25Y78.COUT    Topcyg                1.001   clk_div_1/Mcompar_CLK_OUT_cmp_lt0001_cy<1>
                                                       clk_div_1/Mcompar_CLK_OUT_cmp_lt0001_lut<1>
                                                       clk_div_1/Mcompar_CLK_OUT_cmp_lt0001_cy<1>
    SLICE_X25Y79.CIN     net (fanout=1)        0.000   clk_div_1/Mcompar_CLK_OUT_cmp_lt0001_cy<1>
    SLICE_X25Y79.COUT    Tbyp                  0.118   clk_div_1/Mcompar_CLK_OUT_cmp_lt0001_cy<3>
                                                       clk_div_1/Mcompar_CLK_OUT_cmp_lt0001_cy<2>
                                                       clk_div_1/Mcompar_CLK_OUT_cmp_lt0001_cy<3>
    SLICE_X25Y80.CIN     net (fanout=1)        0.000   clk_div_1/Mcompar_CLK_OUT_cmp_lt0001_cy<3>
    SLICE_X25Y80.COUT    Tbyp                  0.118   clk_div_1/Mcompar_CLK_OUT_cmp_lt0001_cy<5>
                                                       clk_div_1/Mcompar_CLK_OUT_cmp_lt0001_cy<4>
                                                       clk_div_1/Mcompar_CLK_OUT_cmp_lt0001_cy<5>
    SLICE_X25Y81.CIN     net (fanout=1)        0.000   clk_div_1/Mcompar_CLK_OUT_cmp_lt0001_cy<5>
    SLICE_X25Y81.COUT    Tbyp                  0.118   clk_div_1/Mcompar_CLK_OUT_cmp_lt0001_cy<7>
                                                       clk_div_1/Mcompar_CLK_OUT_cmp_lt0001_cy<6>
                                                       clk_div_1/Mcompar_CLK_OUT_cmp_lt0001_cy<7>
    SLICE_X25Y82.CIN     net (fanout=1)        0.000   clk_div_1/Mcompar_CLK_OUT_cmp_lt0001_cy<7>
    SLICE_X25Y82.COUT    Tbyp                  0.118   clk_div_1/Mcompar_CLK_OUT_cmp_lt0001_cy<9>
                                                       clk_div_1/Mcompar_CLK_OUT_cmp_lt0001_cy<8>
                                                       clk_div_1/Mcompar_CLK_OUT_cmp_lt0001_cy<9>
    SLICE_X25Y83.CIN     net (fanout=1)        0.000   clk_div_1/Mcompar_CLK_OUT_cmp_lt0001_cy<9>
    SLICE_X25Y83.COUT    Tbyp                  0.118   clk_div_1/Mcompar_CLK_OUT_cmp_lt0001_cy<11>
                                                       clk_div_1/Mcompar_CLK_OUT_cmp_lt0001_cy<10>
                                                       clk_div_1/Mcompar_CLK_OUT_cmp_lt0001_cy<11>
    SLICE_X24Y80.G2      net (fanout=2)        0.662   clk_div_1/Mcompar_CLK_OUT_cmp_lt0001_cy<11>
    SLICE_X24Y80.Y       Tilo                  0.759   clk_div_1/counter_and0000
                                                       clk_div_1/counter_and00001
    SLICE_X21Y84.SR      net (fanout=16)       1.128   clk_div_1/counter_and0000
    SLICE_X21Y84.CLK     Tsrck                 0.910   clk_div_1/counter<22>
                                                       clk_div_1/counter_22
    -------------------------------------------------  ---------------------------
    Total                                      7.061ns (3.851ns logic, 3.210ns route)
                                                       (54.5% logic, 45.5% route)

--------------------------------------------------------------------------------

Hold Paths: NET "Clk_BUFGP/IBUFG" PERIOD = 20 ns HIGH 40%;
--------------------------------------------------------------------------------

Paths for end point clk_div_1/counter_2 (SLICE_X21Y74.F4), 1 path
--------------------------------------------------------------------------------
Slack (hold path):      1.607ns (requirement - (clock path skew + uncertainty - data path))
  Source:               clk_div_1/counter_2 (FF)
  Destination:          clk_div_1/counter_2 (FF)
  Requirement:          0.000ns
  Data Path Delay:      1.607ns (Levels of Logic = 1)
  Clock Path Skew:      0.000ns
  Source Clock:         Clk_BUFGP rising at 20.000ns
  Destination Clock:    Clk_BUFGP rising at 20.000ns
  Clock Uncertainty:    0.000ns

  Minimum Data Path: clk_div_1/counter_2 to clk_div_1/counter_2
    Location             Delay type         Delay(ns)  Physical Resource
                                                       Logical Resource(s)
    -------------------------------------------------  -------------------
    SLICE_X21Y74.XQ      Tcko                  0.473   clk_div_1/counter<2>
                                                       clk_div_1/counter_2
    SLICE_X21Y74.F4      net (fanout=3)        0.333   clk_div_1/counter<2>
    SLICE_X21Y74.CLK     Tckf        (-Th)    -0.801   clk_div_1/counter<2>
                                                       clk_div_1/counter<2>_rt
                                                       clk_div_1/Mcount_counter_xor<2>
                                                       clk_div_1/counter_2
    -------------------------------------------------  ---------------------------
    Total                                      1.607ns (1.274ns logic, 0.333ns route)
                                                       (79.3% logic, 20.7% route)

--------------------------------------------------------------------------------

Paths for end point clk_div_1/counter_8 (SLICE_X21Y77.F4), 1 path
--------------------------------------------------------------------------------
Slack (hold path):      1.607ns (requirement - (clock path skew + uncertainty - data path))
  Source:               clk_div_1/counter_8 (FF)
  Destination:          clk_div_1/counter_8 (FF)
  Requirement:          0.000ns
  Data Path Delay:      1.607ns (Levels of Logic = 1)
  Clock Path Skew:      0.000ns
  Source Clock:         Clk_BUFGP rising at 20.000ns
  Destination Clock:    Clk_BUFGP rising at 20.000ns
  Clock Uncertainty:    0.000ns

  Minimum Data Path: clk_div_1/counter_8 to clk_div_1/counter_8
    Location             Delay type         Delay(ns)  Physical Resource
                                                       Logical Resource(s)
    -------------------------------------------------  -------------------
    SLICE_X21Y77.XQ      Tcko                  0.473   clk_div_1/counter<8>
                                                       clk_div_1/counter_8
    SLICE_X21Y77.F4      net (fanout=3)        0.333   clk_div_1/counter<8>
    SLICE_X21Y77.CLK     Tckf        (-Th)    -0.801   clk_div_1/counter<8>
                                                       clk_div_1/counter<8>_rt
                                                       clk_div_1/Mcount_counter_xor<8>
                                                       clk_div_1/counter_8
    -------------------------------------------------  ---------------------------
    Total                                      1.607ns (1.274ns logic, 0.333ns route)
                                                       (79.3% logic, 20.7% route)

--------------------------------------------------------------------------------

Paths for end point clk_div_1/counter_18 (SLICE_X21Y82.F4), 1 path
--------------------------------------------------------------------------------
Slack (hold path):      1.607ns (requirement - (clock path skew + uncertainty - data path))
  Source:               clk_div_1/counter_18 (FF)
  Destination:          clk_div_1/counter_18 (FF)
  Requirement:          0.000ns
  Data Path Delay:      1.607ns (Levels of Logic = 1)
  Clock Path Skew:      0.000ns
  Source Clock:         Clk_BUFGP rising at 20.000ns
  Destination Clock:    Clk_BUFGP rising at 20.000ns
  Clock Uncertainty:    0.000ns

  Minimum Data Path: clk_div_1/counter_18 to clk_div_1/counter_18
    Location             Delay type         Delay(ns)  Physical Resource
                                                       Logical Resource(s)
    -------------------------------------------------  -------------------
    SLICE_X21Y82.XQ      Tcko                  0.473   clk_div_1/counter<18>
                                                       clk_div_1/counter_18
    SLICE_X21Y82.F4      net (fanout=3)        0.333   clk_div_1/counter<18>
    SLICE_X21Y82.CLK     Tckf        (-Th)    -0.801   clk_div_1/counter<18>
                                                       clk_div_1/counter<18>_rt
                                                       clk_div_1/Mcount_counter_xor<18>
                                                       clk_div_1/counter_18
    -------------------------------------------------  ---------------------------
    Total                                      1.607ns (1.274ns logic, 0.333ns route)
                                                       (79.3% logic, 20.7% route)

--------------------------------------------------------------------------------

Component Switching Limit Checks: NET "Clk_BUFGP/IBUFG" PERIOD = 20 ns HIGH 40%;
--------------------------------------------------------------------------------
Slack: 17.935ns (period - (min high pulse limit / (high pulse / period)))
  Period: 20.000ns
  High pulse: 8.000ns
  High pulse limit: 0.826ns (Tch)
  Physical resource: clk_div_1/CLK_OUT1/CLK
  Logical resource: clk_div_1/CLK_OUT/CK
  Location pin: SLICE_X24Y81.CLK
  Clock network: Clk_BUFGP
--------------------------------------------------------------------------------
Slack: 18.005ns (period - (min high pulse limit / (high pulse / period)))
  Period: 20.000ns
  High pulse: 8.000ns
  High pulse limit: 0.798ns (Tch)
  Physical resource: clk_div_1/counter<0>/CLK
  Logical resource: clk_div_1/counter_0/CK
  Location pin: SLICE_X21Y73.CLK
  Clock network: Clk_BUFGP
--------------------------------------------------------------------------------
Slack: 18.005ns (period - (min high pulse limit / (high pulse / period)))
  Period: 20.000ns
  High pulse: 8.000ns
  High pulse limit: 0.798ns (Tch)
  Physical resource: clk_div_1/counter<0>/CLK
  Logical resource: clk_div_1/counter_1/CK
  Location pin: SLICE_X21Y73.CLK
  Clock network: Clk_BUFGP
--------------------------------------------------------------------------------


All constraints were met.


Data Sheet report:
-----------------
All values displayed in nanoseconds (ns)

Clock to Setup on destination clock Clk
---------------+---------+---------+---------+---------+
               | Src:Rise| Src:Fall| Src:Rise| Src:Fall|
Source Clock   |Dest:Rise|Dest:Rise|Dest:Fall|Dest:Fall|
---------------+---------+---------+---------+---------+
Clk            |    7.611|         |         |         |
---------------+---------+---------+---------+---------+


Timing summary:
---------------

Timing errors: 0  Score: 0  (Setup/Max: 0, Hold: 0)

Constraints cover 2607 paths, 0 nets, and 158 connections

Design statistics:
   Minimum period:   7.611ns{1}   (Maximum frequency: 131.389MHz)


------------------------------------Footnotes-----------------------------------
1)  The minimum period statistic assumes all single cycle delays.

Analysis completed Tue Jun 13 18:50:08 2023 
--------------------------------------------------------------------------------

Trace Settings:
-------------------------
Trace Settings 

Peak Memory Usage: 360 MB



